5.90e+00
6.82e+01
1.65e+02
2.75e+02
4.11e+02
5.98e+02
7.86e+02
9.76e+02
1.17e+03
1.37e+03
1.58e+03
1.81e+03
2.03e+03
2.25e+03
2.48e+03
2.70e+03
2.94e+03
3.18e+03
3.42e+03
3.67e+03
3.97e+03
4.28e+03
4.55e+03
4.85e+03
5.16e+03
5.50e+03
5.85e+03
6.22e+03
6.60e+03
6.97e+03
7.36e+03
7.75e+03
8.15e+03
8.55e+03
8.96e+03
9.38e+03
9.83e+03
1.03e+04
1.07e+04
1.12e+04
1.18e+04
1.23e+04
1.29e+04
1.34e+04
1.40e+04
1.46e+04
1.52e+04
1.59e+04
1.65e+04
1.72e+04
1.79e+04
1.85e+04
1.91e+04
1.97e+04
2.05e+04
2.11e+04
2.17e+04
2.23e+04
2.29e+04
2.35e+04
2.41e+04
2.47e+04
2.53e+04
2.60e+04
2.66e+04
2.73e+04
2.80e+04
2.87e+04
2.95e+04
3.02e+04
3.10e+04
3.18e+04
3.26e+04
3.34e+04
3.41e+04
3.49e+04
3.57e+04
3.65e+04
3.73e+04
3.81e+04
3.89e+04
3.98e+04
4.06e+04
4.14e+04
4.22e+04
4.30e+04
4.39e+04
4.47e+04
4.55e+04
4.64e+04
4.73e+04
4.82e+04
4.91e+04
5.00e+04
5.10e+04
5.20e+04
5.29e+04
5.39e+04
5.49e+04
5.60e+04
5.70e+04
5.81e+04
5.91e+04
6.02e+04
6.12e+04
6.23e+04
6.34e+04
6.45e+04
6.55e+04
6.66e+04
6.76e+04
6.86e+04
6.97e+04
7.07e+04
7.17e+04
7.28e+04
7.38e+04
7.48e+04
7.59e+04
7.70e+04
7.81e+04
7.92e+04
8.03e+04
8.14e+04
8.25e+04
8.37e+04
8.48e+04
8.60e+04
