filename zoo/cartpole_swingup.wann.json
model size 52
cartpole_swingup_started
loading file zoo/cartpole_swingup.wann.json
0 [932.0537311430453]
1 [929.1803796729959]
2 [918.0665735363726]
3 [929.63012706621]
4 [925.6412823566898]
5 [946.9842888407363]
6 [933.6025040468295]
7 [930.9006440581786]
8 [917.6398578313307]
9 [927.8572879937977]
10 [918.9803147501046]
11 [928.5027813774491]
12 [937.1680545504317]
13 [932.3011123745471]
14 [930.6662240051355]
15 [932.5979863180006]
16 [934.07942871798]
17 [941.3065471953894]
18 [924.4144671404438]
19 [930.7803084809177]
20 [932.6496249828284]
21 [940.7002655333622]
22 [943.1090673554573]
23 [927.3429385922601]
24 [930.5713166868052]
25 [925.4535610968355]
26 [942.3449240621719]
27 [933.5280328854296]
28 [925.9435674152053]
29 [944.5488023590168]
30 [924.148027472955]
31 [935.7550170871255]
32 [934.359249307051]
33 [926.6526585847882]
34 [925.1012909746813]
35 [932.4515787522146]
36 [922.503806050969]
37 [933.6811756455463]
38 [932.4916569649213]
39 [928.9699395710005]
40 [930.7279588787565]
41 [934.5372512948369]
42 [934.8350803119062]
43 [933.0284508818955]
44 [938.5247504290832]
45 [931.0135609148808]
46 [933.3992728125438]
47 [936.0515469808151]
48 [933.1903634653574]
49 [939.7303782086032]
50 [932.8099922433697]
51 [941.9171111632628]
52 [938.4375106561338]
53 [916.0151023621031]
54 [930.3068106272268]
55 [922.8300032620816]
56 [939.8967039569648]
57 [923.716345616545]
58 [931.2862176160389]
59 [938.1051787514423]
60 [942.5456894709807]
61 [932.5489467972244]
62 [932.6775050308809]
63 [934.3182597396208]
64 [928.2642282384102]
65 [930.545017690768]
66 [929.2661942856018]
67 [923.1396643618068]
68 [923.9954782244253]
69 [940.0132917475065]
70 [927.1681499906956]
71 [934.6290038774686]
72 [919.0913672798318]
73 [939.9561007803583]
74 [931.3918501755297]
75 [935.7439015555076]
76 [927.5440358413657]
77 [927.5577411111553]
78 [935.5175064947027]
79 [927.6360022305045]
80 [932.2350844834987]
81 [929.836254239158]
82 [942.515147825008]
83 [940.4219110313066]
84 [939.9289705933678]
85 [932.736093617902]
86 [939.5974689256113]
87 [934.3465843335595]
88 [932.3736934742298]
89 [933.3236022939336]
90 [930.9287006029955]
91 [934.4681067824855]
92 [928.8851578167337]
93 [936.7189323677734]
94 [919.5176715726965]
95 [937.2946920206472]
96 [929.9970642896728]
97 [931.5242729903989]
98 [933.6026251898076]
99 [927.2204240239909]
seed 0 average_reward 931.960423866702 standard_deviation 6.279111679912241
